<?xml version="1.0" encoding="UTF-8"?>
<testng-results ignored="0" total="1" passed="1" failed="0" skipped="0">
  <reporter-output>
  </reporter-output>
  <suite started-at="2024-11-05T13:38:53 IST" name="Suite" finished-at="2024-11-05T13:39:16 IST" duration-ms="23249">
    <groups>
    </groups>
    <test started-at="2024-11-05T13:38:53 IST" name="Test" finished-at="2024-11-05T13:39:16 IST" duration-ms="23249">
      <class name="com.demoWebShop.tests.RegisterTest">
        <test-method is-config="true" signature="setup(java.lang.String)[pri:0, instance:com.demoWebShop.tests.RegisterTest@82de64a]" started-at="2024-11-05T13:38:53 IST" name="setup" finished-at="2024-11-05T13:38:55 IST" duration-ms="2168" status="PASS">
          <params>
            <param index="0">
              <value>
                <![CDATA[edge]]>
              </value>
            </param>
          </params>
          <reporter-output>
          </reporter-output>
        </test-method> <!-- setup -->
        <test-method signature="register()[pri:0, instance:com.demoWebShop.tests.RegisterTest@82de64a]" started-at="2024-11-05T13:38:55 IST" name="register" finished-at="2024-11-05T13:39:15 IST" duration-ms="19334" status="PASS">
          <reporter-output>
          </reporter-output>
        </test-method> <!-- register -->
        <test-method is-config="true" signature="tearDown()[pri:0, instance:com.demoWebShop.tests.RegisterTest@82de64a]" started-at="2024-11-05T13:39:15 IST" name="tearDown" finished-at="2024-11-05T13:39:16 IST" duration-ms="1427" status="PASS">
          <reporter-output>
          </reporter-output>
        </test-method> <!-- tearDown -->
      </class> <!-- com.demoWebShop.tests.RegisterTest -->
    </test> <!-- Test -->
  </suite> <!-- Suite -->
</testng-results>
